Cilkscreen Race Detector V2.0.0, Build 4501
  1 2 3 4 5 6 7 8
1 . . . . . . . .
2 . . . . . . . .
3 . . . . . . . .
4 . . . O X . . .
5 . . . X O . . .
6 . . . . . . . .
7 . . . . . . . .
8 . . . . . . . .
Player 1 type (h for human, c for computer): d1: Player 2 type (h for human, c for computer): d2: Computer (X) placed at 6, 5
  1 2 3 4 5 6 7 8
1 . . . . . . . .
2 . . . . . . . .
3 . . . . . . . .
4 . . . O X . . .
5 . . . X X . . .
6 . . . . X . . .
7 . . . . . . . .
8 . . . . . . . .
Computer (O) placed at 6, 6
  1 2 3 4 5 6 7 8
1 . . . . . . . .
2 . . . . . . . .
3 . . . . . . . .
4 . . . O X . . .
5 . . . X O . . .
6 . . . . X O . .
7 . . . . . . . .
8 . . . . . . . .
Computer (X) placed at 6, 7
  1 2 3 4 5 6 7 8
1 . . . . . . . .
2 . . . . . . . .
3 . . . . . . . .
4 . . . O X . . .
5 . . . X O . . .
6 . . . . X X X .
7 . . . . . . . .
8 . . . . . . . .
Computer (O) placed at 7, 7
  1 2 3 4 5 6 7 8
1 . . . . . . . .
2 . . . . . . . .
3 . . . . . . . .
4 . . . O X . . .
5 . . . X O . . .
6 . . . . X O X .
7 . . . . . . O .
8 . . . . . . . .
Computer (X) placed at 8, 7
  1 2 3 4 5 6 7 8
1 . . . . . . . .
2 . . . . . . . .
3 . . . . . . . .
4 . . . O X . . .
5 . . . X O . . .
6 . . . . X O X .
7 . . . . . . X .
8 . . . . . . X .
Computer (O) placed at 8, 8
  1 2 3 4 5 6 7 8
1 . . . . . . . .
2 . . . . . . . .
3 . . . . . . . .
4 . . . O X . . .
5 . . . X O . . .
6 . . . . X O X .
7 . . . . . . O .
8 . . . . . . X O
Computer (X) placed at 5, 6
  1 2 3 4 5 6 7 8
1 . . . . . . . .
2 . . . . . . . .
3 . . . . . . . .
4 . . . O X . . .
5 . . . X X X . .
6 . . . . X O X .
7 . . . . . . O .
8 . . . . . . X O
Computer (O) placed at 8, 6
  1 2 3 4 5 6 7 8
1 . . . . . . . .
2 . . . . . . . .
3 . . . . . . . .
4 . . . O X . . .
5 . . . X X X . .
6 . . . . X O X .
7 . . . . . . O .
8 . . . . . O O O
Computer (X) placed at 4, 3
  1 2 3 4 5 6 7 8
1 . . . . . . . .
2 . . . . . . . .
3 . . . . . . . .
4 . . X X X . . .
5 . . . X X X . .
6 . . . . X O X .
7 . . . . . . O .
8 . . . . . O O O
Computer (O) placed at 3, 3
  1 2 3 4 5 6 7 8
1 . . . . . . . .
2 . . . . . . . .
3 . . O . . . . .
4 . . X O X . . .
5 . . . X O X . .
6 . . . . X O X .
7 . . . . . . O .
8 . . . . . O O O
Computer (X) placed at 3, 4
  1 2 3 4 5 6 7 8
1 . . . . . . . .
2 . . . . . . . .
3 . . O X . . . .
4 . . X X X . . .
5 . . . X O X . .
6 . . . . X O X .
7 . . . . . . O .
8 . . . . . O O O
Computer (O) placed at 7, 5
  1 2 3 4 5 6 7 8
1 . . . . . . . .
2 . . . . . . . .
3 . . O X . . . .
4 . . X X X . . .
5 . . . X O X . .
6 . . . . O O X .
7 . . . . O . O .
8 . . . . . O O O
Computer (X) placed at 8, 5
  1 2 3 4 5 6 7 8
1 . . . . . . . .
2 . . . . . . . .
3 . . O X . . . .
4 . . X X X . . .
5 . . . X X X . .
6 . . . . X O X .
7 . . . . X . O .
8 . . . . X O O O
Computer (O) placed at 8, 4
  1 2 3 4 5 6 7 8
1 . . . . . . . .
2 . . . . . . . .
3 . . O X . . . .
4 . . X X X . . .
5 . . . X X X . .
6 . . . . X O X .
7 . . . . O . O .
8 . . . O O O O O
Computer (X) placed at 3, 2
  1 2 3 4 5 6 7 8
1 . . . . . . . .
2 . . . . . . . .
3 . X X X . . . .
4 . . X X X . . .
5 . . . X X X . .
6 . . . . X O X .
7 . . . . O . O .
8 . . . O O O O O
Computer (O) placed at 2, 2
  1 2 3 4 5 6 7 8
1 . . . . . . . .
2 . O . . . . . .
3 . X O X . . . .
4 . . X O X . . .
5 . . . X O X . .
6 . . . . X O X .
7 . . . . O . O .
8 . . . O O O O O
Computer (X) placed at 2, 3
  1 2 3 4 5 6 7 8
1 . . . . . . . .
2 . O X . . . . .
3 . X X X . . . .
4 . . X O X . . .
5 . . . X O X . .
6 . . . . X O X .
7 . . . . O . O .
8 . . . O O O O O
Computer (O) placed at 5, 7
  1 2 3 4 5 6 7 8
1 . . . . . . . .
2 . O X . . . . .
3 . X X X . . . .
4 . . X O X . . .
5 . . . X O O O .
6 . . . . X O O .
7 . . . . O . O .
8 . . . O O O O O
Computer (X) placed at 6, 8
  1 2 3 4 5 6 7 8
1 . . . . . . . .
2 . O X . . . . .
3 . X X X . . . .
4 . . X O X . . .
5 . . . X O O O .
6 . . . . X X X X
7 . . . . O . O .
8 . . . O O O O O
Computer (O) placed at 7, 8
  1 2 3 4 5 6 7 8
1 . . . . . . . .
2 . O X . . . . .
3 . X X X . . . .
4 . . X O X . . .
5 . . . X O O O .
6 . . . . X X O X
7 . . . . O . O O
8 . . . O O O O O
Computer (X) placed at 2, 1
  1 2 3 4 5 6 7 8
1 . . . . . . . .
2 X X X . . . . .
3 . X X X . . . .
4 . . X O X . . .
5 . . . X O O O .
6 . . . . X X O X
7 . . . . O . O O
8 . . . O O O O O
Computer (O) placed at 7, 6
  1 2 3 4 5 6 7 8
1 . . . . . . . .
2 X X X . . . . .
3 . X X X . . . .
4 . . X O X . . .
5 . . . X O O O .
6 . . . . X O O X
7 . . . . O O O O
8 . . . O O O O O
Computer (X) placed at 4, 6
  1 2 3 4 5 6 7 8
1 . . . . . . . .
2 X X X . . . . .
3 . X X X . . . .
4 . . X O X X . .
5 . . . X O O X .
6 . . . . X O O X
7 . . . . O O O O
8 . . . O O O O O
Computer (O) placed at 5, 8
  1 2 3 4 5 6 7 8
1 . . . . . . . .
2 X X X . . . . .
3 . X X X . . . .
4 . . X O X X . .
5 . . . X O O O O
6 . . . . X O O O
7 . . . . O O O O
8 . . . O O O O O
Computer (X) placed at 4, 7
  1 2 3 4 5 6 7 8
1 . . . . . . . .
2 X X X . . . . .
3 . X X X . . . .
4 . . X O X X X .
5 . . . X O X O O
6 . . . . X O O O
7 . . . . O O O O
8 . . . O O O O O
Computer (O) placed at 4, 8
  1 2 3 4 5 6 7 8
1 . . . . . . . .
2 X X X . . . . .
3 . X X X . . . .
4 . . X O O O O O
5 . . . X O X O O
6 . . . . X O O O
7 . . . . O O O O
8 . . . O O O O O
Computer (X) placed at 3, 8
  1 2 3 4 5 6 7 8
1 . . . . . . . .
2 X X X . . . . .
3 . X X X . . . X
4 . . X O O O X O
5 . . . X O X O O
6 . . . . X O O O
7 . . . . O O O O
8 . . . O O O O O
Computer (O) placed at 2, 8
  1 2 3 4 5 6 7 8
1 . . . . . . . .
2 X X X . . . . O
3 . X X X . . . O
4 . . X O O O X O
5 . . . X O X O O
6 . . . . X O O O
7 . . . . O O O O
8 . . . O O O O O
Computer (X) placed at 3, 5
  1 2 3 4 5 6 7 8
1 . . . . . . . .
2 X X X . . . . O
3 . X X X X . . O
4 . . X O X O X O
5 . . . X X X O O
6 . . . . X O O O
7 . . . . O O O O
8 . . . O O O O O
Computer (O) placed at 7, 4
  1 2 3 4 5 6 7 8
1 . . . . . . . .
2 X X X . . . . O
3 . X X X X . . O
4 . . X O X O O O
5 . . . X X O O O
6 . . . . O O O O
7 . . . O O O O O
8 . . . O O O O O
Computer (X) placed at 5, 3
  1 2 3 4 5 6 7 8
1 . . . . . . . .
2 X X X . . . . O
3 . X X X X . . O
4 . . X X X O O O
5 . . X X X O O O
6 . . . . O O O O
7 . . . O O O O O
8 . . . O O O O O
Computer (O) placed at 1, 2
  1 2 3 4 5 6 7 8
1 . O . . . . . .
2 X X O . . . . O
3 . X X O X . . O
4 . . X X O O O O
5 . . X X X O O O
6 . . . . O O O O
7 . . . O O O O O
8 . . . O O O O O
Computer (X) placed at 1, 3
  1 2 3 4 5 6 7 8
1 . O X . . . . .
2 X X X . . . . O
3 . X X O X . . O
4 . . X X O O O O
5 . . X X X O O O
6 . . . . O O O O
7 . . . O O O O O
8 . . . O O O O O
Computer (O) placed at 5, 2
  1 2 3 4 5 6 7 8
1 . O X . . . . .
2 X X X . . . . O
3 . X X O X . . O
4 . . O X O O O O
5 . O O O O O O O
6 . . . . O O O O
7 . . . O O O O O
8 . . . O O O O O
Computer (X) placed at 1, 1
  1 2 3 4 5 6 7 8
1 X X X . . . . .
2 X X X . . . . O
3 . X X O X . . O
4 . . O X O O O O
5 . O O O O O O O
6 . . . . O O O O
7 . . . O O O O O
8 . . . O O O O O
Computer (O) placed at 2, 6
  1 2 3 4 5 6 7 8
1 X X X . . . . .
2 X X X . . O . O
3 . X X O O . . O
4 . . O O O O O O
5 . O O O O O O O
6 . . . . O O O O
7 . . . O O O O O
8 . . . O O O O O
Computer (X) placed at 6, 3
  1 2 3 4 5 6 7 8
1 X X X . . . . .
2 X X X . . O . O
3 . X X O O . . O
4 . . X O O O O O
5 . O X O O O O O
6 . . X . O O O O
7 . . . O O O O O
8 . . . O O O O O
Computer (O) placed at 7, 2
  1 2 3 4 5 6 7 8
1 X X X . . . . .
2 X X X . . O . O
3 . X X O O . . O
4 . . X O O O O O
5 . O X O O O O O
6 . . O . O O O O
7 . O . O O O O O
8 . . . O O O O O
Computer (X) placed at 1, 7
  1 2 3 4 5 6 7 8
1 X X X . . . X .
2 X X X . . X . O
3 . X X O X . . O
4 . . X X O O O O
5 . O X O O O O O
6 . . O . O O O O
7 . O . O O O O O
8 . . . O O O O O
Computer (O) placed at 4, 2
  1 2 3 4 5 6 7 8
1 X X X . . . X .
2 X X X . . X . O
3 . X X O X . . O
4 . O O O O O O O
5 . O X O O O O O
6 . . O . O O O O
7 . O . O O O O O
8 . . . O O O O O
Computer (X) placed at 5, 1
  1 2 3 4 5 6 7 8
1 X X X . . . X .
2 X X X . . X . O
3 . X X O X . . O
4 . X O O O O O O
5 X X X O O O O O
6 . . O . O O O O
7 . O . O O O O O
8 . . . O O O O O
Computer (O) placed at 3, 6
  1 2 3 4 5 6 7 8
1 X X X . . . X .
2 X X X . . X . O
3 . X X O O O . O
4 . X O O O O O O
5 X X X O O O O O
6 . . O . O O O O
7 . O . O O O O O
8 . . . O O O O O
Computer (X) placed at 7, 3
  1 2 3 4 5 6 7 8
1 X X X . . . X .
2 X X X . . X . O
3 . X X O O O . O
4 . X O O O O O O
5 X X X O O O O O
6 . . X . O O O O
7 . O X O O O O O
8 . . . O O O O O
Computer (O) placed at 8, 3
  1 2 3 4 5 6 7 8
1 X X X . . . X .
2 X X X . . X . O
3 . X X O O O . O
4 . X O O O O O O
5 X X O O O O O O
6 . . O . O O O O
7 . O O O O O O O
8 . . O O O O O O
Computer (X) placed at 6, 2
  1 2 3 4 5 6 7 8
1 X X X . . . X .
2 X X X . . X . O
3 . X X O X O . O
4 . X O X O O O O
5 X X X O O O O O
6 . X O . O O O O
7 . O O O O O O O
8 . . O O O O O O
Computer (O) placed at 1, 6
  1 2 3 4 5 6 7 8
1 X X X . . O X .
2 X X X . . O . O
3 . X X O X O . O
4 . X O X O O O O
5 X X X O O O O O
6 . X O . O O O O
7 . O O O O O O O
8 . . O O O O O O
Computer (X) placed at 6, 4
  1 2 3 4 5 6 7 8
1 X X X . . O X .
2 X X X . . O . O
3 . X X O X O . O
4 . X O X O O O O
5 X X X X O O O O
6 . X X X O O O O
7 . O O O O O O O
8 . . O O O O O O
Computer (O) placed at 3, 1
  1 2 3 4 5 6 7 8
1 X X X . . O X .
2 X X X . . O . O
3 O O O O X O . O
4 . O O X O O O O
5 X X O X O O O O
6 . X X O O O O O
7 . O O O O O O O
8 . . O O O O O O
Computer (X) placed at 4, 1
  1 2 3 4 5 6 7 8
1 X X X . . O X .
2 X X X . . O . O
3 X X O O X O . O
4 X X X X O O O O
5 X X O X O O O O
6 . X X O O O O O
7 . O O O O O O O
8 . . O O O O O O
Computer (O) placed at 1, 8
  1 2 3 4 5 6 7 8
1 X X X . . O O O
2 X X X . . O . O
3 X X O O X O . O
4 X X X X O O O O
5 X X O X O O O O
6 . X X O O O O O
7 . O O O O O O O
8 . . O O O O O O
Computer (X) placed at 8, 1
  1 2 3 4 5 6 7 8
1 X X X . . O O O
2 X X X . . O . O
3 X X O O X O . O
4 X X X X O O O O
5 X X O X O O O O
6 . X X O O O O O
7 . X O O O O O O
8 X . O O O O O O
Computer (O) placed at 6, 1
  1 2 3 4 5 6 7 8
1 X X X . . O O O
2 X X X . . O . O
3 X X O O X O . O
4 X X O X O O O O
5 X O O X O O O O
6 O O O O O O O O
7 . O O O O O O O
8 X . O O O O O O
Computer (X) placed at 8, 2
  1 2 3 4 5 6 7 8
1 X X X . . O O O
2 X X X . . O . O
3 X X O O X O . O
4 X X O X O O O O
5 X X O X O O O O
6 O X O O O O O O
7 . X O O O O O O
8 X X O O O O O O
Computer (O) placed at 7, 1
  1 2 3 4 5 6 7 8
1 X X X . . O O O
2 X X X . . O . O
3 X X O O X O . O
4 X X O X O O O O
5 X X O X O O O O
6 O O O O O O O O
7 O O O O O O O O
8 X X O O O O O O
Computer (X) placed at 2, 4
  1 2 3 4 5 6 7 8
1 X X X . . O O O
2 X X X X . O . O
3 X X X X X O . O
4 X X O X O O O O
5 X X O X O O O O
6 O O O O O O O O
7 O O O O O O O O
8 X X O O O O O O
Computer (O) placed at 2, 5
  1 2 3 4 5 6 7 8
1 X X X . . O O O
2 X X X X O O . O
3 X X X O O O . O
4 X X O X O O O O
5 X X O X O O O O
6 O O O O O O O O
7 O O O O O O O O
8 X X O O O O O O
Computer (X) placed at 2, 7
  1 2 3 4 5 6 7 8
1 X X X . . O O O
2 X X X X X X X O
3 X X X O O X . O
4 X X O X X O O O
5 X X O X O O O O
6 O O O O O O O O
7 O O O O O O O O
8 X X O O O O O O
Computer (O) placed at 3, 7
  1 2 3 4 5 6 7 8
1 X X X . . O O O
2 X X X X X X O O
3 X X X O O O O O
4 X X O X X O O O
5 X X O X O O O O
6 O O O O O O O O
7 O O O O O O O O
8 X X O O O O O O
  1 2 3 4 5 6 7 8
1 X X X . . O O O
2 X X X X X X O O
3 X X X O O O O O
4 X X O X X O O O
5 X X O X O O O O
6 O O O O O O O O
7 O O O O O O O O
8 X X O O O O O O
Computer (O) placed at 1, 5
  1 2 3 4 5 6 7 8
1 X X X . O O O O
2 X X X X O O O O
3 X X X O O O O O
4 X X O X X O O O
5 X X O X O O O O
6 O O O O O O O O
7 O O O O O O O O
8 X X O O O O O O
  1 2 3 4 5 6 7 8
1 X X X . O O O O
2 X X X X O O O O
3 X X X O O O O O
4 X X O X X O O O
5 X X O X O O O O
6 O O O O O O O O
7 O O O O O O O O
8 X X O O O O O O
Computer (O) placed at 1, 4
  1 2 3 4 5 6 7 8
1 X X X O O O O O
2 X X X O O O O O
3 X X X O O O O O
4 X X O X X O O O
5 X X O X O O O O
6 O O O O O O O O
7 O O O O O O O O
8 X X O O O O O O
  1 2 3 4 5 6 7 8
1 X X X O O O O O
2 X X X O O O O O
3 X X X O O O O O
4 X X O X X O O O
5 X X O X O O O O
6 O O O O O O O O
7 O O O O O O O O
8 X X O O O O O O
  1 2 3 4 5 6 7 8
1 X X X O O O O O
2 X X X O O O O O
3 X X X O O O O O
4 X X O X X O O O
5 X X O X O O O O
6 O O O O O O O O
7 O O O O O O O O
8 X X O O O O O O
Game over. 
X has 18 disks. O has 46 disks. O wins.
No errors found by Cilkscreen
